Arguments: 
  /usr/bin/node /usr/bin/yarn start

PATH: 
  /home/zoldek/.vscode-server/bin/08a217c4d27a02a5bcde898fd7981bda5b49391b/bin:/usr/local/sbin:/usr/local/bin:/usr/sbin:/usr/bin:/sbin:/bin:/usr/games:/usr/local/games:/mnt/c/Python38/Scripts/:/mnt/c/Python38/:/mnt/c/Windows/system32:/mnt/c/Windows:/mnt/c/Windows/System32/Wbem:/mnt/c/Windows/System32/WindowsPowerShell/v1.0/:/mnt/c/Windows/System32/OpenSSH/:/mnt/c/Program Files/NVIDIA Corporation/NVIDIA NvDLISR:/mnt/c/Program Files (x86)/NVIDIA Corporation/PhysX/Common:/mnt/c/ProgramData/chocolatey/bin:/mnt/c/Android:/mnt/c/WINDOWS/system32:/mnt/c/WINDOWS:/mnt/c/WINDOWS/System32/Wbem:/mnt/c/WINDOWS/System32/WindowsPowerShell/v1.0/:/mnt/c/WINDOWS/System32/OpenSSH/:/mnt/c/Program Files/Docker/Docker/resources/bin:/mnt/c/ProgramData/DockerDesktop/version-bin:/mnt/c/Users/zolde/AppData/Local/Microsoft/WindowsApps:/mnt/c/Users/zolde/AppData/Local/Programs/Microsoft VS Code/bin:/snap/bin:/home/zoldek/.dotnet/tools

Yarn version: 
  1.22.10

Node version: 
  14.16.1

Platform: 
  linux x64

Trace: 
  SyntaxError: /var/www/html/Wild-Code-School/EP1/package.json: Unexpected end of JSON input
      at JSON.parse (<anonymous>)
      at /usr/lib/node_modules/yarn/lib/cli.js:1625:59
      at Generator.next (<anonymous>)
      at step (/usr/lib/node_modules/yarn/lib/cli.js:310:30)
      at /usr/lib/node_modules/yarn/lib/cli.js:321:13

npm manifest: 
  {
    "name": "live-coding",
    "version": "1.0.0",
    "description": "",
    "main": "index.js",
    "scripts": {
      "test": "echo \"Error: no test specified\" && exit 1",
      "start": "node index.js"
    },
    "author": "",
    "license": "ISC",
    "dependencies": {
      "express": "^4.17.1"
    },
    "devDependencies": {
      "nodemon": "^2.0.7"
    }
  }

yarn manifest: 
  No manifest

Lockfile: 
  No lockfile
